<?xml version="1.0" encoding="UTF-8"?>
<!-- Generated by org.testng.reporters.JUnitXMLReporter -->
<testsuite ignored="0" hostname="GXNB-PF2ZKZ58" failures="0" tests="4" name="Default test" time="32.859" errors="0" timestamp="2023-11-27T13:01:42 IST">
  <testcase classname="com.demo.datadriven.LoginToAppExcel" name="loginToApplication" time="6.19"/>
  <testcase classname="com.demo.datadriven.LoginToAppExcel" name="loginToApplication" time="6.178"/>
  <testcase classname="com.demo.datadriven.LoginToAppExcel" name="loginToApplication" time="6.173"/>
  <testcase classname="com.demo.datadriven.LoginToAppExcel" name="loginToApplication" time="6.216"/>
</testsuite> <!-- Default test -->
