<?xml version="1.0" encoding="UTF-8"?>
<testng-results ignored="0" total="4" passed="4" failed="0" skipped="0">
  <reporter-output>
  </reporter-output>
  <suite started-at="2023-12-04T17:54:13 IST" name="Login Suite" finished-at="2023-12-04T17:55:14 IST" duration-ms="61028">
    <groups>
    </groups>
    <test started-at="2023-12-04T17:54:13 IST" name="Login to application" finished-at="2023-12-04T17:55:14 IST" duration-ms="61028">
      <class name="com.demo.datadriven.LoginToApp">
        <test-method signature="loginToApplication(java.lang.String,java.lang.String)[pri:0, instance:com.demo.datadriven.LoginToApp@130d63be]" started-at="2023-12-04T17:54:13 IST" name="loginToApplication" data-provider="loginData" finished-at="2023-12-04T17:54:24 IST" duration-ms="10854" status="PASS">
          <params>
            <param index="0">
              <value>
                <![CDATA[Admin]]>
              </value>
            </param>
            <param index="1">
              <value>
                <![CDATA[admin123]]>
              </value>
            </param>
          </params>
          <reporter-output>
          </reporter-output>
        </test-method> <!-- loginToApplication -->
        <test-method signature="loginToApplication(java.lang.String,java.lang.String)[pri:0, instance:com.demo.datadriven.LoginToApp@130d63be]" started-at="2023-12-04T17:54:24 IST" name="loginToApplication" data-provider="loginData" finished-at="2023-12-04T17:54:33 IST" duration-ms="9374" status="PASS">
          <params>
            <param index="0">
              <value>
                <![CDATA[Dummy]]>
              </value>
            </param>
            <param index="1">
              <value>
                <![CDATA[admin123]]>
              </value>
            </param>
          </params>
          <reporter-output>
          </reporter-output>
        </test-method> <!-- loginToApplication -->
        <test-method signature="loginToApplication(java.lang.String,java.lang.String)[pri:0, instance:com.demo.datadriven.LoginToApp@130d63be]" started-at="2023-12-04T17:54:33 IST" name="loginToApplication" data-provider="loginData" finished-at="2023-12-04T17:54:43 IST" duration-ms="10074" status="PASS">
          <params>
            <param index="0">
              <value>
                <![CDATA[Admin]]>
              </value>
            </param>
            <param index="1">
              <value>
                <![CDATA[Dummy]]>
              </value>
            </param>
          </params>
          <reporter-output>
          </reporter-output>
        </test-method> <!-- loginToApplication -->
        <test-method signature="loginToApplication(java.lang.String,java.lang.String)[pri:0, instance:com.demo.datadriven.LoginToApp@130d63be]" started-at="2023-12-04T17:54:43 IST" name="loginToApplication" data-provider="loginData" finished-at="2023-12-04T17:55:14 IST" duration-ms="30578" status="PASS">
          <params>
            <param index="0">
              <value>
                <![CDATA[Dummy]]>
              </value>
            </param>
            <param index="1">
              <value>
                <![CDATA[Dummy]]>
              </value>
            </param>
          </params>
          <reporter-output>
          </reporter-output>
        </test-method> <!-- loginToApplication -->
      </class> <!-- com.demo.datadriven.LoginToApp -->
    </test> <!-- Login to application -->
  </suite> <!-- Login Suite -->
</testng-results>
