<?xml version="1.0" encoding="UTF-8"?>
<!-- Generated by org.testng.reporters.JUnitXMLReporter -->
<testsuite ignored="0" hostname="GXNB-PG03THKB" failures="0" tests="4" name="Login to application" time="61.028" errors="0" timestamp="2023-12-04T17:55:14 IST">
  <testcase classname="com.demo.datadriven.LoginToApp" name="loginToApplication" time="10.854"/>
  <testcase classname="com.demo.datadriven.LoginToApp" name="loginToApplication" time="9.374"/>
  <testcase classname="com.demo.datadriven.LoginToApp" name="loginToApplication" time="10.074"/>
  <testcase classname="com.demo.datadriven.LoginToApp" name="loginToApplication" time="30.578"/>
</testsuite> <!-- Login to application -->
